2023-08-02T16:31:35.612356157Z 19
2023-08-02T16:31:35.619862806Z Waiting X server...
2023-08-02T16:31:35.674904203Z Logging to: /dev/null
2023-08-02T16:31:35.723274128Z Waiting X server...
2023-08-02T16:31:35.834458423Z 
2023-08-02T16:31:35.834492859Z  --- x11vnc loop: 1 ---
2023-08-02T16:31:35.834498262Z 
2023-08-02T16:31:35.834502834Z 2023/08/02 16:31:35 [-] [INIT] [Loading configuration files...]
2023-08-02T16:31:35.834592680Z 2023/08/02 16:31:35 [-] [INIT] [Loaded configuration from /tmp/browsers.json]
2023-08-02T16:31:35.834747382Z 2023/08/02 16:31:35 [-] [INIT] [Timezone: UTC]
2023-08-02T16:31:35.834754966Z 2023/08/02 16:31:35 [-] [INIT] [Listening on :4444]
2023-08-02T16:31:35.885355187Z 2023/08/02 16:31:35 [-] [NEW_REQUEST] [unknown] [172.20.0.2]
2023-08-02T16:31:35.885364687Z 2023/08/02 16:31:35 [-] [NEW_REQUEST_ACCEPTED] [unknown] [172.20.0.2]
2023-08-02T16:31:35.885527682Z 2023/08/02 16:31:35 [0] [LOCATING_SERVICE] [firefox] [115.0]
2023-08-02T16:31:35.885535048Z 2023/08/02 16:31:35 [0] [USING_DRIVER] [firefox] [115.0]
2023-08-02T16:31:35.885539598Z 2023/08/02 16:31:35 [0] [ALLOCATING_PORT]
2023-08-02T16:31:35.885755032Z 2023/08/02 16:31:35 [0] [ALLOCATED_PORT] [43789]
2023-08-02T16:31:35.885762169Z 2023/08/02 16:31:35 [0] [STARTING_PROCESS] [[/usr/bin/geckodriver --port=43789]]
2023-08-02T16:31:35.886594254Z 1690993895886	geckodriver	INFO	Listening on 127.0.0.1:43789
2023-08-02T16:31:35.937087249Z 2023/08/02 16:31:35 [0] [PROCESS_STARTED] [73] [0.05s]
2023-08-02T16:31:35.937116327Z 2023/08/02 16:31:35 [0] [PROXY_TO] [http://127.0.0.1:43789]
2023-08-02T16:31:35.937216492Z 2023/08/02 16:31:35 [0] [SESSION_ATTEMPTED] [http://127.0.0.1:43789] [1]
2023-08-02T16:31:35.939942460Z 1690993895939	mozrunner::runner	INFO	Running command: MOZ_CRASHREPORTER="1" MOZ_CRASHREPORTER_NO_REPORT="1" MOZ_CRASHREPORTER_SHUTDOWN="1" MOZ_NO_REMOTE="1" "/usr/bin/firefox" "--marionette" "-no-remote" "-profile" "/tmp/rust_mozprofileLbzz2C"
2023-08-02T16:31:36.076467094Z console.warn: services.settings: Ignoring preference override of remote settings server
2023-08-02T16:31:36.076522609Z console.warn: services.settings: Allow by setting MOZ_REMOTE_SETTINGS_DEVTOOLS=1 in the environment
2023-08-02T16:31:36.335236910Z  --- x11vnc loop: waiting for: 121
2023-08-02T16:31:36.335259993Z 
2023-08-02T16:31:36.369118518Z PORT=5900
2023-08-02T16:31:36.385842266Z [GFX1-]: glxtest: libpci missing
2023-08-02T16:31:36.385863234Z [GFX1-]: glxtest: libEGL missing
2023-08-02T16:31:36.403766764Z 1690993896403	Marionette	INFO	Marionette enabled
2023-08-02T16:31:36.471438837Z 1690993896471	Marionette	INFO	Listening on port 38435
2023-08-02T16:31:36.540897868Z Read port: 38435
2023-08-02T16:31:36.703069139Z 1690993896702	RemoteAgent	WARN	TLS certificate errors will be ignored for this session
2023-08-02T16:31:37.049512826Z console.error: ({})
2023-08-02T16:31:37.933921420Z 2023/08/02 16:31:37 [0] [SESSION_CREATED] [04c5c053-7bd7-452d-8bf2-4357ece147ca] [1] [2.05s]
2023-08-02T16:31:45.046986262Z JavaScript warning: https://www.google.com/js/th/8BnCbiliH-guui2Vq9aW8FXO5FubzhIHYOs_9ZPSwW0.js line 2 > eval line 4439 > eval line 1 > eval line 1 > eval, line 1: WEBGL_debug_renderer_info is deprecated in Firefox and will be removed. Please use RENDERER.
2023-08-02T16:31:45.108783009Z JavaScript warning: https://www.google.com/js/th/8BnCbiliH-guui2Vq9aW8FXO5FubzhIHYOs_9ZPSwW0.js line 2 > eval line 2431 > eval line 1 > eval line 1 > eval, line 1: WEBGL_debug_renderer_info is deprecated in Firefox and will be removed. Please use RENDERER.
2023-08-02T16:31:45.656273295Z JavaScript warning: https://www.google.com/js/th/8BnCbiliH-guui2Vq9aW8FXO5FubzhIHYOs_9ZPSwW0.js line 2 > eval line 7488 > eval line 1 > eval line 1 > eval, line 1: WEBGL_debug_renderer_info is deprecated in Firefox and will be removed. Please use RENDERER.
2023-08-02T16:31:46.692882669Z console.warn: LoginRecipes: "Falling back to a synchronous message for: https://www.bupa.com."
2023-08-02T16:31:47.894247409Z JavaScript error: https://www.bupa.com/javascripts/jquery-ba-bbq.js?revision=84bace89-a6e1-4e65-be17-75c954dc7a13, line 1: TypeError: f is undefined
2023-08-02T16:32:01.560663348Z 2023/08/02 16:32:01 [170] [SESSION_DELETED] [04c5c053-7bd7-452d-8bf2-4357ece147ca]
2023-08-02T16:32:01.561295703Z 1690993921561	Marionette	INFO	Stopped listening on port 38435
2023-08-02T16:32:02.214563784Z 2023/08/02 16:32:02 [0] [TERMINATING_PROCESS] [73]
