2023-08-02T16:17:04.063532476Z Waiting X server...
2023-08-02T16:17:04.119910067Z Logging to: /tmp/fluxbox.log
2023-08-02T16:17:04.170150576Z Waiting X server...
2023-08-02T16:17:04.297292048Z * daemon not running; starting now at tcp:5037
2023-08-02T16:17:04.319623515Z 
2023-08-02T16:17:04.319645452Z  --- x11vnc loop: 1 ---
2023-08-02T16:17:04.319650302Z 
2023-08-02T16:17:04.569148677Z * daemon started successfully
2023-08-02T16:17:04.569670011Z adb: no devices/emulators found
2023-08-02T16:17:04.820760869Z  --- x11vnc loop: waiting for: 94
2023-08-02T16:17:04.820781971Z 
2023-08-02T16:17:04.898652917Z PORT=5900
2023-08-02T16:17:05.575576706Z adb: no devices/emulators found
2023-08-02T16:17:06.603204327Z adb: no devices/emulators found
2023-08-02T16:17:07.617336350Z adb: no devices/emulators found
2023-08-02T16:17:08.273513734Z WARNING. Using fallback path for the emulator registration directory.
2023-08-02T16:17:08.589260882Z qemu-system-x86_64: warning: TSC frequency mismatch between VM (1995379 kHz) and host (2903998 kHz), and TSC scaling unavailable
2023-08-02T16:17:08.589331408Z qemu-system-x86_64: warning: TSC frequency mismatch between VM (1995379 kHz) and host (2903998 kHz), and TSC scaling unavailable
2023-08-02T16:17:08.639888163Z adb: device offline
2023-08-02T16:17:08.842222889Z emulator: WARNING: System image is writable
2023-08-02T16:17:08.842240884Z Your emulator is out of date, please update by launching Android Studio:
2023-08-02T16:17:08.842245705Z  - Start Android Studio
2023-08-02T16:17:08.842249715Z  - Select menu "Tools > Android > SDK Manager"
2023-08-02T16:17:08.842253857Z  - Click "SDK Tools" tab
2023-08-02T16:17:08.842257636Z  - Check "Android Emulator" checkbox
2023-08-02T16:17:08.842261363Z  - Click "OK"
2023-08-02T16:17:08.842265461Z 
2023-08-02T16:17:09.648721013Z adb: no devices/emulators found
2023-08-02T16:17:10.811298576Z 2023/08/02 16:17:10 [INIT] [Listening on :7070]
