2023-08-02T16:42:56.819828236Z 2023/08/02 16:42:56 [INIT] [Listening on :7070]
2023-08-02T16:42:56.856645953Z 19
2023-08-02T16:42:56.875423417Z Waiting X server...
2023-08-02T16:42:57.032035388Z Waiting X server...
2023-08-02T16:42:57.050117359Z Logging to: /dev/null
2023-08-02T16:42:57.137858129Z Waiting X server...
2023-08-02T16:42:57.280712884Z Waiting X server...
2023-08-02T16:42:57.400267324Z Waiting X server...
2023-08-02T16:42:57.541805627Z Waiting X server...
2023-08-02T16:42:57.670193047Z Waiting X server...
2023-08-02T16:42:57.843891942Z Starting ChromeDriver 114.0.5735.90 (386bc09e8f4f2e025eddae123f36f6263096ae49-refs/branch-heads/5735@{#1052}) on port 4444
2023-08-02T16:42:57.843920648Z All remote connections are allowed. Use an allowlist instead!
2023-08-02T16:42:57.843928734Z Please see https://chromedriver.chromium.org/security-considerations for suggestions on keeping ChromeDriver safe.
2023-08-02T16:42:57.847702202Z ChromeDriver was started successfully.
2023-08-02T16:42:57.867841739Z 
2023-08-02T16:42:57.867878381Z  --- x11vnc loop: 1 ---
2023-08-02T16:42:57.867886466Z 
2023-08-02T16:42:58.397652550Z  --- x11vnc loop: waiting for: 112
2023-08-02T16:42:58.397694712Z 
2023-08-02T16:42:58.545740616Z PORT=5900
