2023-08-02T16:38:25.581763458Z Waiting X server...
2023-08-02T16:38:25.678047990Z Logging to: /tmp/fluxbox.log
2023-08-02T16:38:25.717211611Z Waiting X server...
2023-08-02T16:38:25.826284373Z Waiting X server...
2023-08-02T16:38:25.939095308Z * daemon not running; starting now at tcp:5037
2023-08-02T16:38:25.944721872Z 
2023-08-02T16:38:25.944742691Z  --- x11vnc loop: 1 ---
2023-08-02T16:38:25.944753974Z 
2023-08-02T16:38:25.972762508Z * daemon started successfully
2023-08-02T16:38:25.973100374Z adb: no devices/emulators found
2023-08-02T16:38:26.445546551Z  --- x11vnc loop: waiting for: 95
2023-08-02T16:38:26.445573169Z 
2023-08-02T16:38:26.483467333Z PORT=5900
2023-08-02T16:38:26.978842591Z adb: no devices/emulators found
2023-08-02T16:38:27.985033388Z adb: no devices/emulators found
2023-08-02T16:38:28.997586802Z adb: no devices/emulators found
2023-08-02T16:38:29.379762373Z WARNING. Using fallback path for the emulator registration directory.
2023-08-02T16:38:29.830813502Z qemu-system-x86_64: warning: TSC frequency mismatch between VM (1995379 kHz) and host (2903998 kHz), and TSC scaling unavailable
2023-08-02T16:38:29.830921557Z qemu-system-x86_64: warning: TSC frequency mismatch between VM (1995379 kHz) and host (2903998 kHz), and TSC scaling unavailable
2023-08-02T16:38:29.937075295Z emulator: WARNING: System image is writable
2023-08-02T16:38:29.937096075Z Your emulator is out of date, please update by launching Android Studio:
2023-08-02T16:38:29.937102587Z  - Start Android Studio
2023-08-02T16:38:29.937108601Z  - Select menu "Tools > Android > SDK Manager"
2023-08-02T16:38:29.937114073Z  - Click "SDK Tools" tab
2023-08-02T16:38:29.937118990Z  - Check "Android Emulator" checkbox
2023-08-02T16:38:29.937124646Z  - Click "OK"
2023-08-02T16:38:29.937130363Z 
2023-08-02T16:38:30.006231207Z adb: device offline
2023-08-02T16:38:31.017060621Z adb: no devices/emulators found
2023-08-02T16:38:32.166217025Z 2023/08/02 16:38:32 [INIT] [Listening on :7070]
