2023-08-02T16:20:30.217288650Z Waiting X server...
2023-08-02T16:20:30.281810919Z Logging to: /tmp/fluxbox.log
2023-08-02T16:20:30.324882307Z Waiting X server...
2023-08-02T16:20:30.437084279Z Waiting X server...
2023-08-02T16:20:30.550065670Z * daemon not running; starting now at tcp:5037
2023-08-02T16:20:30.553162917Z 
2023-08-02T16:20:30.553193345Z  --- x11vnc loop: 1 ---
2023-08-02T16:20:30.553200177Z 
2023-08-02T16:20:30.588838781Z * daemon started successfully
2023-08-02T16:20:30.589140491Z adb: no devices/emulators found
2023-08-02T16:20:31.054055049Z  --- x11vnc loop: waiting for: 96
2023-08-02T16:20:31.054077740Z 
2023-08-02T16:20:31.095925837Z PORT=5900
2023-08-02T16:20:31.595600408Z adb: no devices/emulators found
2023-08-02T16:20:32.611094160Z adb: no devices/emulators found
2023-08-02T16:20:33.625924489Z adb: no devices/emulators found
2023-08-02T16:20:34.308357431Z WARNING. Using fallback path for the emulator registration directory.
2023-08-02T16:20:34.581558669Z emulator: WARNING: System image is writable
2023-08-02T16:20:34.581582499Z Your emulator is out of date, please update by launching Android Studio:
2023-08-02T16:20:34.581588842Z  - Start Android Studio
2023-08-02T16:20:34.581593324Z  - Select menu "Tools > Android > SDK Manager"
2023-08-02T16:20:34.581597887Z  - Click "SDK Tools" tab
2023-08-02T16:20:34.581601824Z  - Check "Android Emulator" checkbox
2023-08-02T16:20:34.581605941Z  - Click "OK"
2023-08-02T16:20:34.581609872Z 
2023-08-02T16:20:34.634462597Z adb: device offline
2023-08-02T16:20:34.755143001Z qemu-system-x86_64: warning: TSC frequency mismatch between VM (1995379 kHz) and host (2903998 kHz), and TSC scaling unavailable
2023-08-02T16:20:34.755224010Z qemu-system-x86_64: warning: TSC frequency mismatch between VM (1995379 kHz) and host (2903998 kHz), and TSC scaling unavailable
2023-08-02T16:20:35.721349566Z 2023/08/02 16:20:35 [INIT] [Listening on :7070]
