2023-08-02T16:18:44.515549946Z Waiting X server...
2023-08-02T16:18:44.583116457Z Logging to: /tmp/fluxbox.log
2023-08-02T16:18:44.624595651Z Waiting X server...
2023-08-02T16:18:44.730647920Z Waiting X server...
2023-08-02T16:18:44.842299673Z * daemon not running; starting now at tcp:5037
2023-08-02T16:18:44.844814232Z 
2023-08-02T16:18:44.844832491Z  --- x11vnc loop: 1 ---
2023-08-02T16:18:44.844838168Z 
2023-08-02T16:18:44.872790159Z * daemon started successfully
2023-08-02T16:18:44.873124258Z adb: no devices/emulators found
2023-08-02T16:18:45.345750008Z  --- x11vnc loop: waiting for: 95
2023-08-02T16:18:45.345772371Z 
2023-08-02T16:18:45.389300353Z PORT=5900
2023-08-02T16:18:45.879910746Z adb: no devices/emulators found
2023-08-02T16:18:46.886912149Z adb: no devices/emulators found
2023-08-02T16:18:47.902647673Z adb: no devices/emulators found
2023-08-02T16:18:47.989605894Z WARNING. Using fallback path for the emulator registration directory.
2023-08-02T16:18:48.321294483Z emulator: WARNING: System image is writable
2023-08-02T16:18:48.321329395Z Your emulator is out of date, please update by launching Android Studio:
2023-08-02T16:18:48.321335888Z  - Start Android Studio
2023-08-02T16:18:48.321341140Z  - Select menu "Tools > Android > SDK Manager"
2023-08-02T16:18:48.321346646Z  - Click "SDK Tools" tab
2023-08-02T16:18:48.321351381Z  - Check "Android Emulator" checkbox
2023-08-02T16:18:48.321355690Z  - Click "OK"
2023-08-02T16:18:48.321360474Z 
2023-08-02T16:18:48.540622795Z qemu-system-x86_64: warning: TSC frequency mismatch between VM (1995379 kHz) and host (2903998 kHz), and TSC scaling unavailable
2023-08-02T16:18:48.542291946Z qemu-system-x86_64: warning: TSC frequency mismatch between VM (1995379 kHz) and host (2903998 kHz), and TSC scaling unavailable
2023-08-02T16:18:48.911112187Z adb: no devices/emulators found
2023-08-02T16:18:50.025269339Z 2023/08/02 16:18:50 [INIT] [Listening on :7070]
