2023-08-02T16:45:22.625174019Z 2023/08/02 16:45:22 [INIT] [Listening on :7070]
2023-08-02T16:45:22.632627994Z 19
2023-08-02T16:45:22.646586694Z Waiting X server...
2023-08-02T16:45:22.767224387Z Waiting X server...
2023-08-02T16:45:22.772520268Z Logging to: /dev/null
2023-08-02T16:45:22.880358304Z Waiting X server...
2023-08-02T16:45:22.986165794Z Waiting X server...
2023-08-02T16:45:23.091407817Z Waiting X server...
2023-08-02T16:45:23.199033145Z Waiting X server...
2023-08-02T16:45:23.304743126Z Waiting X server...
2023-08-02T16:45:23.410239771Z Waiting X server...
2023-08-02T16:45:23.514785628Z Waiting X server...
2023-08-02T16:45:23.619331939Z Waiting X server...
2023-08-02T16:45:23.725630948Z Waiting X server...
2023-08-02T16:45:23.837776036Z Waiting X server...
2023-08-02T16:45:23.948564634Z Waiting X server...
2023-08-02T16:45:24.058888701Z Waiting X server...
2023-08-02T16:45:24.169477285Z Waiting X server...
2023-08-02T16:45:24.279164615Z Waiting X server...
2023-08-02T16:45:24.392984283Z Waiting X server...
2023-08-02T16:45:24.505614714Z Waiting X server...
2023-08-02T16:45:24.617707062Z Waiting X server...
2023-08-02T16:45:24.733381869Z Waiting X server...
2023-08-02T16:45:24.847077188Z Waiting X server...
2023-08-02T16:45:24.960158186Z Waiting X server...
2023-08-02T16:45:25.074433901Z Waiting X server...
2023-08-02T16:45:25.181585471Z Waiting X server...
2023-08-02T16:45:25.294192442Z Waiting X server...
2023-08-02T16:45:25.420710332Z Waiting X server...
2023-08-02T16:45:25.529755005Z Waiting X server...
2023-08-02T16:45:25.670059016Z Waiting X server...
2023-08-02T16:45:25.778926172Z Waiting X server...
2023-08-02T16:45:25.911263838Z Starting ChromeDriver 114.0.5735.90 (386bc09e8f4f2e025eddae123f36f6263096ae49-refs/branch-heads/5735@{#1052}) on port 4444
2023-08-02T16:45:25.911287441Z All remote connections are allowed. Use an allowlist instead!
2023-08-02T16:45:25.911292803Z Please see https://chromedriver.chromium.org/security-considerations for suggestions on keeping ChromeDriver safe.
2023-08-02T16:45:25.912688287Z ChromeDriver was started successfully.
2023-08-02T16:45:25.921099481Z 
2023-08-02T16:45:25.921122934Z  --- x11vnc loop: 1 ---
2023-08-02T16:45:25.921128218Z 
2023-08-02T16:45:26.424076641Z  --- x11vnc loop: waiting for: 155
2023-08-02T16:45:26.424112079Z 
2023-08-02T16:45:26.573413697Z PORT=5900
