2023-08-02T16:39:18.293963553Z Waiting X server...
2023-08-02T16:39:18.368018230Z Logging to: /tmp/fluxbox.log
2023-08-02T16:39:18.410031657Z Waiting X server...
2023-08-02T16:39:18.518618645Z Waiting X server...
2023-08-02T16:39:18.635014584Z * daemon not running; starting now at tcp:5037
2023-08-02T16:39:18.637418249Z 
2023-08-02T16:39:18.637441353Z  --- x11vnc loop: 1 ---
2023-08-02T16:39:18.637451007Z 
2023-08-02T16:39:18.664741216Z * daemon started successfully
2023-08-02T16:39:18.665039271Z adb: no devices/emulators found
2023-08-02T16:39:19.138726487Z  --- x11vnc loop: waiting for: 97
2023-08-02T16:39:19.138762707Z 
2023-08-02T16:39:19.187660933Z PORT=5900
2023-08-02T16:39:19.670578490Z adb: no devices/emulators found
2023-08-02T16:39:20.686734023Z adb: no devices/emulators found
2023-08-02T16:39:21.696601292Z adb: no devices/emulators found
2023-08-02T16:39:22.709795177Z adb: no devices/emulators found
2023-08-02T16:39:23.631542902Z WARNING. Using fallback path for the emulator registration directory.
2023-08-02T16:39:23.718628415Z adb: device offline
2023-08-02T16:39:24.062029881Z qemu-system-x86_64: warning: TSC frequency mismatch between VM (1995379 kHz) and host (2903998 kHz), and TSC scaling unavailable
2023-08-02T16:39:24.062111441Z qemu-system-x86_64: warning: TSC frequency mismatch between VM (1995379 kHz) and host (2903998 kHz), and TSC scaling unavailable
2023-08-02T16:39:24.202009211Z emulator: WARNING: System image is writable
2023-08-02T16:39:24.202030248Z Your emulator is out of date, please update by launching Android Studio:
2023-08-02T16:39:24.202035736Z  - Start Android Studio
2023-08-02T16:39:24.202040697Z  - Select menu "Tools > Android > SDK Manager"
2023-08-02T16:39:24.202045534Z  - Click "SDK Tools" tab
2023-08-02T16:39:24.202049760Z  - Check "Android Emulator" checkbox
2023-08-02T16:39:24.202054231Z  - Click "OK"
2023-08-02T16:39:24.202058535Z 
2023-08-02T16:39:24.801807438Z 2023/08/02 16:39:24 [INIT] [Listening on :7070]
