2023-08-02T16:46:53.275308622Z 19
2023-08-02T16:46:53.285951519Z Waiting X server...
2023-08-02T16:46:53.343437980Z Logging to: /dev/null
2023-08-02T16:46:53.390084311Z Waiting X server...
2023-08-02T16:46:53.500226077Z 
2023-08-02T16:46:53.500262104Z  --- x11vnc loop: 1 ---
2023-08-02T16:46:53.500267153Z 
2023-08-02T16:46:53.501217586Z 2023/08/02 16:46:53 [-] [INIT] [Loading configuration files...]
2023-08-02T16:46:53.501433216Z 2023/08/02 16:46:53 [-] [INIT] [Loaded configuration from /tmp/browsers.json]
2023-08-02T16:46:53.501624808Z 2023/08/02 16:46:53 [-] [INIT] [Timezone: UTC]
2023-08-02T16:46:53.501641864Z 2023/08/02 16:46:53 [-] [INIT] [Listening on :4444]
2023-08-02T16:46:53.529996536Z 2023/08/02 16:46:53 [-] [NEW_REQUEST] [unknown] [172.20.0.2]
2023-08-02T16:46:53.530009524Z 2023/08/02 16:46:53 [-] [NEW_REQUEST_ACCEPTED] [unknown] [172.20.0.2]
2023-08-02T16:46:53.530263825Z 2023/08/02 16:46:53 [0] [LOCATING_SERVICE] [firefox] [115.0]
2023-08-02T16:46:53.530273520Z 2023/08/02 16:46:53 [0] [USING_DRIVER] [firefox] [115.0]
2023-08-02T16:46:53.530339626Z 2023/08/02 16:46:53 [0] [ALLOCATING_PORT]
2023-08-02T16:46:53.530656440Z 2023/08/02 16:46:53 [0] [ALLOCATED_PORT] [36851]
2023-08-02T16:46:53.530714308Z 2023/08/02 16:46:53 [0] [STARTING_PROCESS] [[/usr/bin/geckodriver --port=36851]]
2023-08-02T16:46:53.531819379Z 1690994813531	geckodriver	INFO	Listening on 127.0.0.1:36851
2023-08-02T16:46:53.582033403Z 2023/08/02 16:46:53 [0] [PROCESS_STARTED] [71] [0.05s]
2023-08-02T16:46:53.582049470Z 2023/08/02 16:46:53 [0] [PROXY_TO] [http://127.0.0.1:36851]
2023-08-02T16:46:53.582103496Z 2023/08/02 16:46:53 [0] [SESSION_ATTEMPTED] [http://127.0.0.1:36851] [1]
2023-08-02T16:46:53.585145634Z 1690994813585	mozrunner::runner	INFO	Running command: MOZ_CRASHREPORTER="1" MOZ_CRASHREPORTER_NO_REPORT="1" MOZ_CRASHREPORTER_SHUTDOWN="1" MOZ_NO_REMOTE="1" "/usr/bin/firefox" "--marionette" "-no-remote" "-profile" "/tmp/rust_mozprofile12MrOT"
2023-08-02T16:46:53.740279344Z console.warn: services.settings: Ignoring preference override of remote settings server
2023-08-02T16:46:53.740348927Z console.warn: services.settings: Allow by setting MOZ_REMOTE_SETTINGS_DEVTOOLS=1 in the environment
2023-08-02T16:46:54.001278663Z  --- x11vnc loop: waiting for: 121
2023-08-02T16:46:54.001304107Z 
2023-08-02T16:46:54.038710078Z PORT=5900
2023-08-02T16:46:54.090567519Z [GFX1-]: glxtest: libpci missing
2023-08-02T16:46:54.090591278Z [GFX1-]: glxtest: libEGL missing
2023-08-02T16:46:54.110660705Z 1690994814110	Marionette	INFO	Marionette enabled
2023-08-02T16:46:54.186236829Z 1690994814186	Marionette	INFO	Listening on port 46319
2023-08-02T16:46:54.286081912Z Read port: 46319
2023-08-02T16:46:54.456506019Z 1690994814456	RemoteAgent	WARN	TLS certificate errors will be ignored for this session
2023-08-02T16:46:54.793731835Z console.error: ({})
2023-08-02T16:46:55.690533234Z 2023/08/02 16:46:55 [0] [SESSION_CREATED] [647945cc-8954-4b03-a8da-8cfb857c180b] [1] [2.16s]
2023-08-02T16:46:55.695118158Z 2023/08/02 16:46:55 [1] [SESSION_DELETED] [647945cc-8954-4b03-a8da-8cfb857c180b]
2023-08-02T16:46:55.696486972Z 1690994815696	Marionette	INFO	Stopped listening on port 46319
2023-08-02T16:46:57.254672205Z 2023/08/02 16:46:57 [0] [TERMINATING_PROCESS] [71]
