2023-08-02T16:17:50.005410959Z Waiting X server...
2023-08-02T16:17:50.078439452Z Logging to: /tmp/fluxbox.log
2023-08-02T16:17:50.115341751Z Waiting X server...
2023-08-02T16:17:50.220541709Z Waiting X server...
2023-08-02T16:17:50.342576460Z * daemon not running; starting now at tcp:5037
2023-08-02T16:17:50.351254618Z 
2023-08-02T16:17:50.351294989Z  --- x11vnc loop: 1 ---
2023-08-02T16:17:50.351309987Z 
2023-08-02T16:17:50.381107255Z * daemon started successfully
2023-08-02T16:17:50.381844684Z adb: no devices/emulators found
2023-08-02T16:17:50.852455930Z  --- x11vnc loop: waiting for: 96
2023-08-02T16:17:50.852478727Z 
2023-08-02T16:17:50.911329157Z PORT=5900
2023-08-02T16:17:51.389781322Z adb: no devices/emulators found
2023-08-02T16:17:52.404333434Z adb: no devices/emulators found
2023-08-02T16:17:53.423465970Z adb: no devices/emulators found
2023-08-02T16:17:54.449873884Z adb: no devices/emulators found
2023-08-02T16:17:55.475827274Z adb: no devices/emulators found
2023-08-02T16:17:55.525319777Z WARNING. Using fallback path for the emulator registration directory.
2023-08-02T16:17:55.827392336Z emulator: WARNING: System image is writable
2023-08-02T16:17:55.827426143Z Your emulator is out of date, please update by launching Android Studio:
2023-08-02T16:17:55.827431583Z  - Start Android Studio
2023-08-02T16:17:55.827438479Z  - Select menu "Tools > Android > SDK Manager"
2023-08-02T16:17:55.827442558Z  - Click "SDK Tools" tab
2023-08-02T16:17:55.827446148Z  - Check "Android Emulator" checkbox
2023-08-02T16:17:55.827449912Z  - Click "OK"
2023-08-02T16:17:55.827453409Z 
2023-08-02T16:17:56.017702163Z qemu-system-x86_64: warning: TSC frequency mismatch between VM (1995379 kHz) and host (2903998 kHz), and TSC scaling unavailable
2023-08-02T16:17:56.017728452Z qemu-system-x86_64: warning: TSC frequency mismatch between VM (1995379 kHz) and host (2903998 kHz), and TSC scaling unavailable
2023-08-02T16:17:56.495833701Z adb: no devices/emulators found
2023-08-02T16:17:57.679220172Z 2023/08/02 16:17:57 [INIT] [Listening on :7070]
