2023-08-02T16:36:39.811838719Z 19
2023-08-02T16:36:39.820800858Z Waiting X server...
2023-08-02T16:36:39.871224003Z Logging to: /dev/null
2023-08-02T16:36:39.924854121Z Waiting X server...
2023-08-02T16:36:40.036417065Z 
2023-08-02T16:36:40.036445423Z  --- x11vnc loop: 1 ---
2023-08-02T16:36:40.036449055Z 
2023-08-02T16:36:40.037062014Z 2023/08/02 16:36:40 [-] [INIT] [Loading configuration files...]
2023-08-02T16:36:40.037210122Z 2023/08/02 16:36:40 [-] [INIT] [Loaded configuration from /tmp/browsers.json]
2023-08-02T16:36:40.037424792Z 2023/08/02 16:36:40 [-] [INIT] [Timezone: UTC]
2023-08-02T16:36:40.037432861Z 2023/08/02 16:36:40 [-] [INIT] [Listening on :4444]
2023-08-02T16:36:40.067042627Z 2023/08/02 16:36:40 [-] [NEW_REQUEST] [unknown] [172.20.0.2]
2023-08-02T16:36:40.067053170Z 2023/08/02 16:36:40 [-] [NEW_REQUEST_ACCEPTED] [unknown] [172.20.0.2]
2023-08-02T16:36:40.067221949Z 2023/08/02 16:36:40 [0] [LOCATING_SERVICE] [firefox] [115.0]
2023-08-02T16:36:40.067229912Z 2023/08/02 16:36:40 [0] [USING_DRIVER] [firefox] [115.0]
2023-08-02T16:36:40.067234320Z 2023/08/02 16:36:40 [0] [ALLOCATING_PORT]
2023-08-02T16:36:40.067525015Z 2023/08/02 16:36:40 [0] [ALLOCATED_PORT] [40215]
2023-08-02T16:36:40.067578286Z 2023/08/02 16:36:40 [0] [STARTING_PROCESS] [[/usr/bin/geckodriver --port=40215]]
2023-08-02T16:36:40.068421382Z 1690994200068	geckodriver	INFO	Listening on 127.0.0.1:40215
2023-08-02T16:36:40.118774371Z 2023/08/02 16:36:40 [0] [PROCESS_STARTED] [74] [0.05s]
2023-08-02T16:36:40.118795226Z 2023/08/02 16:36:40 [0] [PROXY_TO] [http://127.0.0.1:40215]
2023-08-02T16:36:40.118865828Z 2023/08/02 16:36:40 [0] [SESSION_ATTEMPTED] [http://127.0.0.1:40215] [1]
2023-08-02T16:36:40.122296042Z 1690994200122	mozrunner::runner	INFO	Running command: MOZ_CRASHREPORTER="1" MOZ_CRASHREPORTER_NO_REPORT="1" MOZ_CRASHREPORTER_SHUTDOWN="1" MOZ_NO_REMOTE="1" "/usr/bin/firefox" "--marionette" "-no-remote" "-profile" "/tmp/rust_mozprofiledX9sLo"
2023-08-02T16:36:40.256045802Z console.warn: services.settings: Ignoring preference override of remote settings server
2023-08-02T16:36:40.256076000Z console.warn: services.settings: Allow by setting MOZ_REMOTE_SETTINGS_DEVTOOLS=1 in the environment
2023-08-02T16:36:40.536845473Z  --- x11vnc loop: waiting for: 122
2023-08-02T16:36:40.536869216Z 
2023-08-02T16:36:40.571347176Z PORT=5900
2023-08-02T16:36:40.582338230Z [GFX1-]: glxtest: libpci missing
2023-08-02T16:36:40.582356443Z [GFX1-]: glxtest: libEGL missing
2023-08-02T16:36:40.603122374Z 1690994200602	Marionette	INFO	Marionette enabled
2023-08-02T16:36:40.672759842Z 1690994200672	Marionette	INFO	Listening on port 40737
2023-08-02T16:36:40.733217652Z Read port: 40737
2023-08-02T16:36:40.903206913Z 1690994200903	RemoteAgent	WARN	TLS certificate errors will be ignored for this session
2023-08-02T16:36:41.208774472Z console.error: ({})
2023-08-02T16:36:42.078520303Z 2023/08/02 16:36:42 [0] [SESSION_CREATED] [9511c15a-ec51-4f02-af6d-6e35a992505f] [1] [2.01s]
2023-08-02T16:36:42.082714853Z 2023/08/02 16:36:42 [1] [SESSION_DELETED] [9511c15a-ec51-4f02-af6d-6e35a992505f]
2023-08-02T16:36:42.085628487Z 1690994202085	Marionette	INFO	Stopped listening on port 40737
