2023-08-02T16:36:47.654487852Z Waiting X server...
2023-08-02T16:36:47.751770061Z Logging to: /tmp/fluxbox.log
2023-08-02T16:36:47.783860400Z Waiting X server...
2023-08-02T16:36:47.892081628Z * daemon not running; starting now at tcp:5037
2023-08-02T16:36:47.906743463Z 
2023-08-02T16:36:47.906761690Z  --- x11vnc loop: 1 ---
2023-08-02T16:36:47.906768522Z 
2023-08-02T16:36:48.165128086Z * daemon started successfully
2023-08-02T16:36:48.165355441Z adb: no devices/emulators found
2023-08-02T16:36:48.407904414Z  --- x11vnc loop: waiting for: 94
2023-08-02T16:36:48.407946831Z 
2023-08-02T16:36:48.474786937Z PORT=5900
2023-08-02T16:36:49.173000988Z adb: no devices/emulators found
2023-08-02T16:36:50.185969475Z adb: no devices/emulators found
2023-08-02T16:36:51.201983962Z adb: no devices/emulators found
2023-08-02T16:36:52.220305276Z adb: no devices/emulators found
2023-08-02T16:36:52.805594492Z WARNING. Using fallback path for the emulator registration directory.
2023-08-02T16:36:53.231141926Z adb: device offline
2023-08-02T16:36:53.242153769Z qemu-system-x86_64: warning: TSC frequency mismatch between VM (1995379 kHz) and host (2903998 kHz), and TSC scaling unavailable
2023-08-02T16:36:53.242257765Z qemu-system-x86_64: warning: TSC frequency mismatch between VM (1995379 kHz) and host (2903998 kHz), and TSC scaling unavailable
2023-08-02T16:36:53.573769577Z emulator: WARNING: System image is writable
2023-08-02T16:36:53.573792061Z Your emulator is out of date, please update by launching Android Studio:
2023-08-02T16:36:53.573797259Z  - Start Android Studio
2023-08-02T16:36:53.573801267Z  - Select menu "Tools > Android > SDK Manager"
2023-08-02T16:36:53.573805639Z  - Click "SDK Tools" tab
2023-08-02T16:36:53.573809607Z  - Check "Android Emulator" checkbox
2023-08-02T16:36:53.573813569Z  - Click "OK"
2023-08-02T16:36:53.573817395Z 
2023-08-02T16:36:54.326169307Z 2023/08/02 16:36:54 [INIT] [Listening on :7070]
