2023-08-02T16:49:33.994617532Z Waiting X server...
2023-08-02T16:49:34.080866476Z Logging to: /tmp/fluxbox.log
2023-08-02T16:49:34.119026705Z Waiting X server...
2023-08-02T16:49:34.228112109Z Waiting X server...
2023-08-02T16:49:34.338609596Z Waiting X server...
2023-08-02T16:49:34.458570098Z * daemon not running; starting now at tcp:5037
2023-08-02T16:49:34.477505319Z 
2023-08-02T16:49:34.477518822Z  --- x11vnc loop: 1 ---
2023-08-02T16:49:34.477523087Z 
2023-08-02T16:49:34.745887102Z * daemon started successfully
2023-08-02T16:49:34.745913588Z adb: no devices/emulators found
2023-08-02T16:49:34.977947196Z  --- x11vnc loop: waiting for: 98
2023-08-02T16:49:34.977968578Z 
2023-08-02T16:49:35.067588575Z PORT=5900
2023-08-02T16:49:35.778459334Z adb: no devices/emulators found
2023-08-02T16:49:36.797123155Z adb: no devices/emulators found
2023-08-02T16:49:37.803664907Z adb: no devices/emulators found
2023-08-02T16:49:38.810598027Z adb: no devices/emulators found
2023-08-02T16:49:39.821027574Z adb: no devices/emulators found
2023-08-02T16:49:40.151951278Z WARNING. Using fallback path for the emulator registration directory.
2023-08-02T16:49:40.781492636Z qemu-system-x86_64: warning: TSC frequency mismatch between VM (1995379 kHz) and host (2903998 kHz), and TSC scaling unavailable
2023-08-02T16:49:40.781561097Z qemu-system-x86_64: warning: TSC frequency mismatch between VM (1995379 kHz) and host (2903998 kHz), and TSC scaling unavailable
2023-08-02T16:49:40.840949584Z adb: device offline
2023-08-02T16:49:40.866745284Z emulator: WARNING: System image is writable
2023-08-02T16:49:40.866767782Z Your emulator is out of date, please update by launching Android Studio:
2023-08-02T16:49:40.866773711Z  - Start Android Studio
2023-08-02T16:49:40.866778689Z  - Select menu "Tools > Android > SDK Manager"
2023-08-02T16:49:40.866788363Z  - Click "SDK Tools" tab
2023-08-02T16:49:40.866793472Z  - Check "Android Emulator" checkbox
2023-08-02T16:49:40.866798545Z  - Click "OK"
2023-08-02T16:49:40.866803677Z 
2023-08-02T16:49:41.854838266Z adb: no devices/emulators found
2023-08-02T16:49:43.077514915Z 2023/08/02 16:49:43 [INIT] [Listening on :7070]
