2023-08-02T16:43:43.448064138Z 19
2023-08-02T16:43:43.460679566Z Waiting X server...
2023-08-02T16:43:43.523271124Z Logging to: /dev/null
2023-08-02T16:43:43.564459905Z Waiting X server...
2023-08-02T16:43:43.670062316Z Waiting X server...
2023-08-02T16:43:43.782829932Z 2023/08/02 16:43:43 [-] [INIT] [Loading configuration files...]
2023-08-02T16:43:43.783034442Z 2023/08/02 16:43:43 [-] [INIT] [Loaded configuration from /tmp/browsers.json]
2023-08-02T16:43:43.783200692Z 
2023-08-02T16:43:43.783208556Z  --- x11vnc loop: 1 ---
2023-08-02T16:43:43.783213359Z 
2023-08-02T16:43:43.783217715Z 2023/08/02 16:43:43 [-] [INIT] [Timezone: UTC]
2023-08-02T16:43:43.783222173Z 2023/08/02 16:43:43 [-] [INIT] [Listening on :4444]
2023-08-02T16:43:43.793094190Z 2023/08/02 16:43:43 [-] [NEW_REQUEST] [unknown] [172.20.0.2]
2023-08-02T16:43:43.793136734Z 2023/08/02 16:43:43 [-] [NEW_REQUEST_ACCEPTED] [unknown] [172.20.0.2]
2023-08-02T16:43:43.793325468Z 2023/08/02 16:43:43 [0] [LOCATING_SERVICE] [firefox] [115.0]
2023-08-02T16:43:43.793332384Z 2023/08/02 16:43:43 [0] [USING_DRIVER] [firefox] [115.0]
2023-08-02T16:43:43.793363436Z 2023/08/02 16:43:43 [0] [ALLOCATING_PORT]
2023-08-02T16:43:43.793691801Z 2023/08/02 16:43:43 [0] [ALLOCATED_PORT] [38143]
2023-08-02T16:43:43.793724399Z 2023/08/02 16:43:43 [0] [STARTING_PROCESS] [[/usr/bin/geckodriver --port=38143]]
2023-08-02T16:43:43.794794775Z 1690994623794	geckodriver	INFO	Listening on 127.0.0.1:38143
2023-08-02T16:43:43.845055213Z 2023/08/02 16:43:43 [0] [PROCESS_STARTED] [75] [0.05s]
2023-08-02T16:43:43.845084737Z 2023/08/02 16:43:43 [0] [PROXY_TO] [http://127.0.0.1:38143]
2023-08-02T16:43:43.845141861Z 2023/08/02 16:43:43 [0] [SESSION_ATTEMPTED] [http://127.0.0.1:38143] [1]
2023-08-02T16:43:43.849091442Z 1690994623849	mozrunner::runner	INFO	Running command: MOZ_CRASHREPORTER="1" MOZ_CRASHREPORTER_NO_REPORT="1" MOZ_CRASHREPORTER_SHUTDOWN="1" MOZ_NO_REMOTE="1" "/usr/bin/firefox" "--marionette" "-no-remote" "-profile" "/tmp/rust_mozprofilecuxB1t"
2023-08-02T16:43:44.035134633Z console.warn: services.settings: Ignoring preference override of remote settings server
2023-08-02T16:43:44.035367323Z console.warn: services.settings: Allow by setting MOZ_REMOTE_SETTINGS_DEVTOOLS=1 in the environment
2023-08-02T16:43:44.284118217Z  --- x11vnc loop: waiting for: 120
2023-08-02T16:43:44.284142960Z 
2023-08-02T16:43:44.343135247Z PORT=5900
2023-08-02T16:43:44.500986307Z [GFX1-]: glxtest: libpci missing
2023-08-02T16:43:44.501006282Z [GFX1-]: glxtest: libEGL missing
2023-08-02T16:43:44.523004416Z 1690994624522	Marionette	INFO	Marionette enabled
2023-08-02T16:43:44.599091705Z 1690994624598	Marionette	INFO	Listening on port 44497
2023-08-02T16:43:44.661172730Z Read port: 44497
2023-08-02T16:43:44.965589022Z 1690994624965	RemoteAgent	WARN	TLS certificate errors will be ignored for this session
2023-08-02T16:43:45.380625774Z console.error: ({})
2023-08-02T16:43:46.663795871Z 2023/08/02 16:43:46 [0] [SESSION_CREATED] [b2d43b3b-9d67-4fcb-86c9-fd4e6ba74f3c] [1] [2.87s]
2023-08-02T16:43:46.677288237Z 2023/08/02 16:43:46 [1] [SESSION_DELETED] [b2d43b3b-9d67-4fcb-86c9-fd4e6ba74f3c]
2023-08-02T16:43:46.677767362Z 1690994626677	Marionette	INFO	Stopped listening on port 44497
2023-08-02T16:43:47.647849834Z 2023/08/02 16:43:47 [0] [TERMINATING_PROCESS] [75]
