2023-08-02T16:52:13.575259433Z 19
2023-08-02T16:52:13.586851769Z Waiting X server...
2023-08-02T16:52:13.651938345Z Logging to: /dev/null
2023-08-02T16:52:13.693726311Z Waiting X server...
2023-08-02T16:52:13.801459947Z Waiting X server...
2023-08-02T16:52:13.912592329Z 2023/08/02 16:52:13 [-] [INIT] [Loading configuration files...]
2023-08-02T16:52:13.912800262Z 2023/08/02 16:52:13 [-] [INIT] [Loaded configuration from /tmp/browsers.json]
2023-08-02T16:52:13.912983322Z 2023/08/02 16:52:13 [-] [INIT] [Timezone: UTC]
2023-08-02T16:52:13.913047876Z 2023/08/02 16:52:13 [-] [INIT] [Listening on :4444]
2023-08-02T16:52:13.913285382Z 
2023-08-02T16:52:13.913293443Z  --- x11vnc loop: 1 ---
2023-08-02T16:52:13.913297508Z 
2023-08-02T16:52:13.934403907Z 2023/08/02 16:52:13 [-] [NEW_REQUEST] [unknown] [172.20.0.2]
2023-08-02T16:52:13.934416138Z 2023/08/02 16:52:13 [-] [NEW_REQUEST_ACCEPTED] [unknown] [172.20.0.2]
2023-08-02T16:52:13.934737787Z 2023/08/02 16:52:13 [0] [LOCATING_SERVICE] [firefox] [115.0]
2023-08-02T16:52:13.934759794Z 2023/08/02 16:52:13 [0] [USING_DRIVER] [firefox] [115.0]
2023-08-02T16:52:13.934765036Z 2023/08/02 16:52:13 [0] [ALLOCATING_PORT]
2023-08-02T16:52:13.935027648Z 2023/08/02 16:52:13 [0] [ALLOCATED_PORT] [39529]
2023-08-02T16:52:13.935036040Z 2023/08/02 16:52:13 [0] [STARTING_PROCESS] [[/usr/bin/geckodriver --port=39529]]
2023-08-02T16:52:13.935932714Z 1690995133935	geckodriver	INFO	Listening on 127.0.0.1:39529
2023-08-02T16:52:13.986130154Z 2023/08/02 16:52:13 [0] [PROCESS_STARTED] [74] [0.05s]
2023-08-02T16:52:13.986155224Z 2023/08/02 16:52:13 [0] [PROXY_TO] [http://127.0.0.1:39529]
2023-08-02T16:52:13.986263526Z 2023/08/02 16:52:13 [0] [SESSION_ATTEMPTED] [http://127.0.0.1:39529] [1]
2023-08-02T16:52:13.989678355Z 1690995133989	mozrunner::runner	INFO	Running command: MOZ_CRASHREPORTER="1" MOZ_CRASHREPORTER_NO_REPORT="1" MOZ_CRASHREPORTER_SHUTDOWN="1" MOZ_NO_REMOTE="1" "/usr/bin/firefox" "--marionette" "-no-remote" "-profile" "/tmp/rust_mozprofileHm3pxd"
2023-08-02T16:52:14.140494067Z console.warn: services.settings: Ignoring preference override of remote settings server
2023-08-02T16:52:14.140522258Z console.warn: services.settings: Allow by setting MOZ_REMOTE_SETTINGS_DEVTOOLS=1 in the environment
2023-08-02T16:52:14.414185679Z  --- x11vnc loop: waiting for: 122
2023-08-02T16:52:14.414212810Z 
2023-08-02T16:52:14.450735155Z PORT=5900
2023-08-02T16:52:14.513421854Z [GFX1-]: glxtest: libpci missing
2023-08-02T16:52:14.513444828Z [GFX1-]: glxtest: libEGL missing
2023-08-02T16:52:14.536217991Z 1690995134536	Marionette	INFO	Marionette enabled
2023-08-02T16:52:14.612602130Z 1690995134612	Marionette	INFO	Listening on port 43765
2023-08-02T16:52:14.697075222Z Read port: 43765
2023-08-02T16:52:14.859851704Z 1690995134859	RemoteAgent	WARN	TLS certificate errors will be ignored for this session
2023-08-02T16:52:15.258134167Z console.error: ({})
2023-08-02T16:52:16.578921014Z 2023/08/02 16:52:16 [0] [SESSION_CREATED] [b6f5d997-aa97-443e-a4e1-e50b11a5a7fb] [1] [2.64s]
2023-08-02T16:52:16.583572570Z 2023/08/02 16:52:16 [1] [SESSION_DELETED] [b6f5d997-aa97-443e-a4e1-e50b11a5a7fb]
2023-08-02T16:52:16.584825565Z 1690995136584	Marionette	INFO	Stopped listening on port 43765
2023-08-02T16:52:17.785741692Z 2023/08/02 16:52:17 [0] [TERMINATING_PROCESS] [74]
