2023-08-02T16:32:28.970828266Z 19
2023-08-02T16:32:28.978654112Z Waiting X server...
2023-08-02T16:32:29.034834273Z Logging to: /dev/null
2023-08-02T16:32:29.084044061Z Waiting X server...
2023-08-02T16:32:29.194599802Z 
2023-08-02T16:32:29.194624226Z  --- x11vnc loop: 1 ---
2023-08-02T16:32:29.194629472Z 
2023-08-02T16:32:29.195304714Z 2023/08/02 16:32:29 [-] [INIT] [Loading configuration files...]
2023-08-02T16:32:29.195505414Z 2023/08/02 16:32:29 [-] [INIT] [Loaded configuration from /tmp/browsers.json]
2023-08-02T16:32:29.195646234Z 2023/08/02 16:32:29 [-] [INIT] [Timezone: UTC]
2023-08-02T16:32:29.195655272Z 2023/08/02 16:32:29 [-] [INIT] [Listening on :4444]
2023-08-02T16:32:29.243265273Z 2023/08/02 16:32:29 [-] [NEW_REQUEST] [unknown] [172.20.0.2]
2023-08-02T16:32:29.243276368Z 2023/08/02 16:32:29 [-] [NEW_REQUEST_ACCEPTED] [unknown] [172.20.0.2]
2023-08-02T16:32:29.243459615Z 2023/08/02 16:32:29 [0] [LOCATING_SERVICE] [firefox] [115.0]
2023-08-02T16:32:29.243465731Z 2023/08/02 16:32:29 [0] [USING_DRIVER] [firefox] [115.0]
2023-08-02T16:32:29.243468816Z 2023/08/02 16:32:29 [0] [ALLOCATING_PORT]
2023-08-02T16:32:29.243733612Z 2023/08/02 16:32:29 [0] [ALLOCATED_PORT] [36459]
2023-08-02T16:32:29.243739919Z 2023/08/02 16:32:29 [0] [STARTING_PROCESS] [[/usr/bin/geckodriver --port=36459]]
2023-08-02T16:32:29.244680183Z 1690993949244	geckodriver	INFO	Listening on 127.0.0.1:36459
2023-08-02T16:32:29.294962033Z 2023/08/02 16:32:29 [0] [PROCESS_STARTED] [73] [0.05s]
2023-08-02T16:32:29.294984219Z 2023/08/02 16:32:29 [0] [PROXY_TO] [http://127.0.0.1:36459]
2023-08-02T16:32:29.295063263Z 2023/08/02 16:32:29 [0] [SESSION_ATTEMPTED] [http://127.0.0.1:36459] [1]
2023-08-02T16:32:29.297796458Z 1690993949297	mozrunner::runner	INFO	Running command: MOZ_CRASHREPORTER="1" MOZ_CRASHREPORTER_NO_REPORT="1" MOZ_CRASHREPORTER_SHUTDOWN="1" MOZ_NO_REMOTE="1" "/usr/bin/firefox" "--marionette" "-no-remote" "-profile" "/tmp/rust_mozprofileh66iE8"
2023-08-02T16:32:29.431380051Z console.warn: services.settings: Ignoring preference override of remote settings server
2023-08-02T16:32:29.431406875Z console.warn: services.settings: Allow by setting MOZ_REMOTE_SETTINGS_DEVTOOLS=1 in the environment
2023-08-02T16:32:29.695593707Z  --- x11vnc loop: waiting for: 121
2023-08-02T16:32:29.695616160Z 
2023-08-02T16:32:29.729599065Z PORT=5900
2023-08-02T16:32:29.755655685Z [GFX1-]: glxtest: libpci missing
2023-08-02T16:32:29.755680342Z [GFX1-]: glxtest: libEGL missing
2023-08-02T16:32:29.775843187Z 1690993949775	Marionette	INFO	Marionette enabled
2023-08-02T16:32:29.849019867Z 1690993949848	Marionette	INFO	Listening on port 41621
2023-08-02T16:32:29.898564838Z Read port: 41621
2023-08-02T16:32:30.053634028Z 1690993950053	RemoteAgent	WARN	TLS certificate errors will be ignored for this session
2023-08-02T16:32:30.373738189Z console.error: ({})
2023-08-02T16:32:31.018915610Z 2023/08/02 16:32:31 [0] [SESSION_CREATED] [c5ab0e02-5ade-4d8d-96d2-67e7d964f7c5] [1] [1.78s]
2023-08-02T16:32:31.022940392Z 2023/08/02 16:32:31 [1] [SESSION_DELETED] [c5ab0e02-5ade-4d8d-96d2-67e7d964f7c5]
2023-08-02T16:32:31.023820197Z 1690993951023	Marionette	INFO	Stopped listening on port 41621
2023-08-02T16:32:31.438197556Z console.error: (new Error("IndexedDB: main/doh-providers list() IndexedDB:  execute() The application is shutting down", "resource://services-settings/IDBHelpers.jsm", 18))
2023-08-02T16:32:31.441020543Z console.error: (new Error("IndexedDB: main/doh-config getLastModified() IndexedDB:  execute() The application is shutting down", "resource://services-settings/IDBHelpers.jsm", 18))
2023-08-02T16:32:32.922805141Z 2023/08/02 16:32:32 [0] [TERMINATING_PROCESS] [73]
