2023-08-02T16:19:34.897196170Z Waiting X server...
2023-08-02T16:19:34.967329999Z Logging to: /tmp/fluxbox.log
2023-08-02T16:19:35.021702775Z Waiting X server...
2023-08-02T16:19:35.130879977Z Waiting X server...
2023-08-02T16:19:35.249036262Z * daemon not running; starting now at tcp:5037
2023-08-02T16:19:35.252170226Z 
2023-08-02T16:19:35.252188047Z  --- x11vnc loop: 1 ---
2023-08-02T16:19:35.252193443Z 
2023-08-02T16:19:35.284736828Z * daemon started successfully
2023-08-02T16:19:35.285227704Z adb: no devices/emulators found
2023-08-02T16:19:35.753127413Z  --- x11vnc loop: waiting for: 96
2023-08-02T16:19:35.753157802Z 
2023-08-02T16:19:35.833444036Z PORT=5900
2023-08-02T16:19:36.291389541Z adb: no devices/emulators found
2023-08-02T16:19:37.307238922Z adb: no devices/emulators found
2023-08-02T16:19:38.318118643Z adb: no devices/emulators found
2023-08-02T16:19:39.348132350Z adb: no devices/emulators found
2023-08-02T16:19:39.479442601Z WARNING. Using fallback path for the emulator registration directory.
2023-08-02T16:19:39.777614096Z emulator: WARNING: System image is writable
2023-08-02T16:19:39.777646582Z Your emulator is out of date, please update by launching Android Studio:
2023-08-02T16:19:39.777651679Z  - Start Android Studio
2023-08-02T16:19:39.777655462Z  - Select menu "Tools > Android > SDK Manager"
2023-08-02T16:19:39.777659900Z  - Click "SDK Tools" tab
2023-08-02T16:19:39.777664145Z  - Check "Android Emulator" checkbox
2023-08-02T16:19:39.777668440Z  - Click "OK"
2023-08-02T16:19:39.777672184Z 
2023-08-02T16:19:40.019200524Z qemu-system-x86_64: warning: TSC frequency mismatch between VM (1995379 kHz) and host (2903998 kHz), and TSC scaling unavailable
2023-08-02T16:19:40.019256774Z qemu-system-x86_64: warning: TSC frequency mismatch between VM (1995379 kHz) and host (2903998 kHz), and TSC scaling unavailable
2023-08-02T16:19:40.360472487Z adb: no devices/emulators found
2023-08-02T16:19:41.436970944Z 2023/08/02 16:19:41 [INIT] [Listening on :7070]
