2023-08-02T16:41:01.382354098Z Waiting X server...
2023-08-02T16:41:01.499206094Z Waiting X server...
2023-08-02T16:41:01.505432242Z Logging to: /tmp/fluxbox.log
2023-08-02T16:41:01.606399632Z Waiting X server...
2023-08-02T16:41:01.712796960Z Waiting X server...
2023-08-02T16:41:01.852749140Z * daemon not running; starting now at tcp:5037
2023-08-02T16:41:01.865447659Z 
2023-08-02T16:41:01.865473713Z  --- x11vnc loop: 1 ---
2023-08-02T16:41:01.865479772Z 
2023-08-02T16:41:02.185187146Z * daemon started successfully
2023-08-02T16:41:02.185435879Z adb: no devices/emulators found
2023-08-02T16:41:02.369417916Z  --- x11vnc loop: waiting for: 98
2023-08-02T16:41:02.369438709Z 
2023-08-02T16:41:02.526766635Z PORT=5900
2023-08-02T16:41:03.194661470Z adb: no devices/emulators found
2023-08-02T16:41:04.217788447Z adb: no devices/emulators found
2023-08-02T16:41:05.236105944Z adb: no devices/emulators found
2023-08-02T16:41:06.253712423Z adb: no devices/emulators found
2023-08-02T16:41:07.268811505Z adb: no devices/emulators found
2023-08-02T16:41:08.107633966Z WARNING. Using fallback path for the emulator registration directory.
2023-08-02T16:41:08.301203930Z adb: device offline
2023-08-02T16:41:08.609961166Z qemu-system-x86_64: warning: TSC frequency mismatch between VM (1995379 kHz) and host (2903998 kHz), and TSC scaling unavailable
2023-08-02T16:41:08.610177044Z qemu-system-x86_64: warning: TSC frequency mismatch between VM (1995379 kHz) and host (2903998 kHz), and TSC scaling unavailable
2023-08-02T16:41:08.753610581Z emulator: WARNING: System image is writable
2023-08-02T16:41:08.753643372Z Your emulator is out of date, please update by launching Android Studio:
2023-08-02T16:41:08.753649339Z  - Start Android Studio
2023-08-02T16:41:08.753653520Z  - Select menu "Tools > Android > SDK Manager"
2023-08-02T16:41:08.753659085Z  - Click "SDK Tools" tab
2023-08-02T16:41:08.753663900Z  - Check "Android Emulator" checkbox
2023-08-02T16:41:08.753668929Z  - Click "OK"
2023-08-02T16:41:08.753673592Z 
2023-08-02T16:41:09.641510254Z 2023/08/02 16:41:09 [INIT] [Listening on :7070]
